<?xml version="1.0" encoding="UTF-8"?>
<testng-results ignored="0" total="1" passed="1" failed="0" skipped="0">
  <reporter-output>
  </reporter-output>
  <suite started-at="2021-06-24T13:27:26 IST" name="Default suite" finished-at="2021-06-24T13:27:28 IST" duration-ms="1738">
    <groups>
    </groups>
    <test started-at="2021-06-24T13:27:26 IST" name="Default test" finished-at="2021-06-24T13:27:28 IST" duration-ms="1738">
      <class name="spring.mongodb.api.restAssured.restAssured">
        <test-method signature="test_get()[pri:0, instance:spring.mongodb.api.restAssured.restAssured@101952da]" started-at="2021-06-24T13:27:26 IST" name="test_get" finished-at="2021-06-24T13:27:28 IST" duration-ms="1704" status="PASS">
          <reporter-output>
          </reporter-output>
        </test-method> <!-- test_get -->
      </class> <!-- spring.mongodb.api.restAssured.restAssured -->
    </test> <!-- Default test -->
  </suite> <!-- Default suite -->
</testng-results>
